0 info it worked if it ends with ok
1 verbose cli [
1 verbose cli   'D:\\DevPrograms\\nodejs\\node.exe',
1 verbose cli   'C:\\Users\\123\\AppData\\Roaming\\npm\\node_modules\\npm\\bin\\npm-cli.js',
1 verbose cli   'run',
1 verbose cli   'lint'
1 verbose cli ]
2 info using npm@3.10.10
3 info using node@v12.13.0
4 verbose run-script [ 'prelint', 'lint', 'postlint' ]
5 info lifecycle hw-app@1.0.0~prelint: hw-app@1.0.0
6 silly lifecycle hw-app@1.0.0~prelint: no script for prelint, continuing
7 info lifecycle hw-app@1.0.0~lint: hw-app@1.0.0
8 verbose lifecycle hw-app@1.0.0~lint: unsafe-perm in lifecycle true
9 verbose lifecycle hw-app@1.0.0~lint: PATH: C:\Users\123\AppData\Roaming\npm\node_modules\npm\bin\node-gyp-bin;D:\FrontEnd\js\hw_app\node_modules\.bin;C:\Program Files\Git\mingw64\bin;C:\Program Files\Git\usr\bin;C:\Users\123\bin;C:\Program Files (x86)\Common Files\Oracle\Java\javapath;C:\Program Files\Java\jdk-11.0.2;C:\Program Files\Git\cmd;C:\Program Files\TortoiseSVN\bin;D:\DevPrograms\nodejs;C:\Program Files\MySQL\MySQL Shell 8.0\bin;D:\DevPrograms\Microsoft VS Code\bin;C:\Users\123\AppData\Roaming\npm;D:\DevPrograms\heroku\bin
10 verbose lifecycle hw-app@1.0.0~lint: CWD: D:\FrontEnd\js\hw_app
11 silly lifecycle hw-app@1.0.0~lint: Args: [ '/d /s /c', 'eslint index.js' ]
12 silly lifecycle hw-app@1.0.0~lint: Returned: code: 1  signal: null
13 info lifecycle hw-app@1.0.0~lint: Failed to exec lint script
14 verbose stack Error: hw-app@1.0.0 lint: `eslint index.js`
14 verbose stack Exit status 1
14 verbose stack     at EventEmitter.<anonymous> (C:\Users\123\AppData\Roaming\npm\node_modules\npm\lib\utils\lifecycle.js:255:16)
14 verbose stack     at EventEmitter.emit (events.js:210:5)
14 verbose stack     at ChildProcess.<anonymous> (C:\Users\123\AppData\Roaming\npm\node_modules\npm\lib\utils\spawn.js:40:14)
14 verbose stack     at ChildProcess.emit (events.js:210:5)
14 verbose stack     at maybeClose (internal/child_process.js:1021:16)
14 verbose stack     at Process.ChildProcess._handle.onexit (internal/child_process.js:283:5)
15 verbose pkgid hw-app@1.0.0
16 verbose cwd D:\FrontEnd\js\hw_app
17 error Windows_NT 6.1.7601
18 error argv "D:\\DevPrograms\\nodejs\\node.exe" "C:\\Users\\123\\AppData\\Roaming\\npm\\node_modules\\npm\\bin\\npm-cli.js" "run" "lint"
19 error node v12.13.0
20 error npm  v3.10.10
21 error code ELIFECYCLE
22 error hw-app@1.0.0 lint: `eslint index.js`
22 error Exit status 1
23 error Failed at the hw-app@1.0.0 lint script 'eslint index.js'.
23 error Make sure you have the latest version of node.js and npm installed.
23 error If you do, this is most likely a problem with the hw-app package,
23 error not with npm itself.
23 error Tell the author that this fails on your system:
23 error     eslint index.js
23 error You can get information on how to open an issue for this project with:
23 error     npm bugs hw-app
23 error Or if that isn't available, you can get their info via:
23 error     npm owner ls hw-app
23 error There is likely additional logging output above.
24 verbose exit [ 1, true ]
